<?xml version="1.0" encoding="utf-8"?><testsuites name="pytest tests"><testsuite name="pytest" errors="0" failures="0" skipped="0" tests="10" time="0.859" timestamp="2026-05-21T01:52:40.907521+00:00" hostname="agent-env-bbe68d2a-df62-4a29-8b89-8473005c2122"><testcase classname="backend.tests.backend_test.TestRoot" name="test_root_returns_forge_message" time="0.177" /><testcase classname="backend.tests.backend_test.TestConsultation" name="test_create_consultation_success_and_persist" time="0.107" /><testcase classname="backend.tests.backend_test.TestConsultation" name="test_create_consultation_minimal_no_message" time="0.047" /><testcase classname="backend.tests.backend_test.TestConsultation" name="test_create_consultation_invalid_email" time="0.053" /><testcase classname="backend.tests.backend_test.TestConsultation" name="test_create_consultation_invalid_goal_enum" time="0.047" /><testcase classname="backend.tests.backend_test.TestConsultation" name="test_create_consultation_invalid_mode_enum" time="0.046" /><testcase classname="backend.tests.backend_test.TestConsultation" name="test_list_consultations_no_objectid" time="0.049" /><testcase classname="backend.tests.backend_test.TestNewsletter" name="test_subscribe_success" time="0.050" /><testcase classname="backend.tests.backend_test.TestNewsletter" name="test_subscribe_duplicate_returns_409" time="0.095" /><testcase classname="backend.tests.backend_test.TestNewsletter" name="test_subscribe_invalid_email_returns_422" time="0.049" /></testsuite></testsuites>